Fri Dec 13 20:41:35 CST 2013  [debug] AvalonLogSystem initialized using logfile 'F:\SSH221213\.metadata\.plugins\com.genuitec.eclipse.templates\velocity.log'
Fri Dec 13 20:41:35 CST 2013   [info] ************************************************************** 
Fri Dec 13 20:41:35 CST 2013   [info] Starting Jakarta Velocity v1.4
Fri Dec 13 20:41:35 CST 2013   [info] RuntimeInstance initializing.
Fri Dec 13 20:41:35 CST 2013   [info] Default Properties File: org\apache\velocity\runtime\defaults\velocity.properties
Fri Dec 13 20:41:35 CST 2013   [info] Trying to use logger class org.apache.velocity.runtime.log.AvalonLogSystem
Fri Dec 13 20:41:35 CST 2013   [info] Using logger class org.apache.velocity.runtime.log.AvalonLogSystem
Fri Dec 13 20:41:35 CST 2013   [info] Default ResourceManager initializing. (class org.apache.velocity.runtime.resource.ResourceManagerImpl)
Fri Dec 13 20:41:35 CST 2013   [info] Resource Loader Instantiated: com.genuitec.eclipse.templates.internal.PluginResourceLoader
Fri Dec 13 20:41:35 CST 2013   [info] ResourceCache : initialized. (class org.apache.velocity.runtime.resource.ResourceCacheImpl)
Fri Dec 13 20:41:35 CST 2013   [info] Default ResourceManager initialization complete.
Fri Dec 13 20:41:35 CST 2013   [info] Loaded System Directive: org.apache.velocity.runtime.directive.Literal
Fri Dec 13 20:41:35 CST 2013   [info] Loaded System Directive: org.apache.velocity.runtime.directive.Macro
Fri Dec 13 20:41:35 CST 2013   [info] Loaded System Directive: org.apache.velocity.runtime.directive.Parse
Fri Dec 13 20:41:35 CST 2013   [info] Loaded System Directive: org.apache.velocity.runtime.directive.Include
Fri Dec 13 20:41:35 CST 2013   [info] Loaded System Directive: org.apache.velocity.runtime.directive.Foreach
Fri Dec 13 20:41:35 CST 2013   [info] Created: 20 parsers.
Fri Dec 13 20:41:35 CST 2013   [info] Velocimacro : initialization starting.
Fri Dec 13 20:41:35 CST 2013   [info] Velocimacro : adding VMs from VM library template : VM_global_library.vm
Fri Dec 13 20:41:35 CST 2013   [info] ResourceManager : found VM_global_library.vm with loader com.genuitec.eclipse.templates.internal.PluginResourceLoader
Fri Dec 13 20:41:35 CST 2013   [info] Velocimacro :  VM library template macro registration complete.
Fri Dec 13 20:41:35 CST 2013   [info] Velocimacro : allowInline = true : VMs can be defined inline in templates
Fri Dec 13 20:41:35 CST 2013   [info] Velocimacro : allowInlineToOverride = true : VMs defined inline may replace previous VM definitions
Fri Dec 13 20:41:35 CST 2013   [info] Velocimacro : allowInlineLocal = true : VMs defined inline will be local to their defining template only.
Fri Dec 13 20:41:35 CST 2013   [info] Velocimacro : messages on  : VM system will output logging messages
Fri Dec 13 20:41:35 CST 2013   [info] Velocimacro : autoload off  : VM system will not automatically reload global library macros
Fri Dec 13 20:41:35 CST 2013   [info] Velocimacro : initialization complete.
Fri Dec 13 20:41:35 CST 2013   [info] Velocity successfully started.
Fri Dec 13 20:41:35 CST 2013   [info] ResourceManager : found templates/web.xml.vm with loader com.genuitec.eclipse.templates.internal.PluginResourceLoader
Fri Dec 13 20:41:35 CST 2013   [info] ResourceManager : found /templates/velocity/welcome/Jsp.vtl with loader com.genuitec.eclipse.templates.internal.PluginResourceLoader
Fri Dec 13 20:42:45 CST 2013   [info] ResourceManager : found data/1.2/applicationContext-template-2.xml.vtl with loader com.genuitec.eclipse.templates.internal.PluginResourceLoader
Fri Dec 13 21:13:22 CST 2013   [info] ResourceManager : found templates/web.xml.vm with loader com.genuitec.eclipse.templates.internal.PluginResourceLoader
Fri Dec 13 21:13:22 CST 2013   [info] ResourceManager : found /templates/velocity/welcome/Jsp.vtl with loader com.genuitec.eclipse.templates.internal.PluginResourceLoader
Fri Dec 13 21:14:05 CST 2013   [info] ResourceManager : found data/1.2/applicationContext-template-2.xml.vtl with loader com.genuitec.eclipse.templates.internal.PluginResourceLoader
